[1m[0;34m🚀 NoctisPro Bulletproof Production Deployment[0m
[0;34m[INFO][0m Deployment started at Mon Sep  1 02:42:54 PM UTC 2025
[0;34m[INFO][0m Log file: deployment_20250901_144254.log
[1m[0;34m🔍 Pre-deployment Validation[0m
[0;32m[SUCCESS][0m Python 3 found: Python 3.13.3
[0;31m[ERROR][0m Virtual environment not found. Creating one...
[0;32m[SUCCESS][0m Virtual environment created
[0;32m[SUCCESS][0m All required files present
[0;32m[SUCCESS][0m Sufficient disk space available
[1m[0;34m🔧 Installing System Dependencies[0m
[0;34m[INFO][0m Updating package lists...

WARNING: apt does not have a stable CLI interface. Use with caution in scripts.

Error: Could not open lock file /var/lib/apt/lists/lock - open (13: Permission denied)
Error: Unable to lock directory /var/lib/apt/lists/
[1;33m[WARNING][0m Failed to update package lists, continuing...
[0;34m[INFO][0m Installing system packages...

WARNING: apt does not have a stable CLI interface. Use with caution in scripts.

Error: Could not open lock file /var/lib/dpkg/lock-frontend - open (13: Permission denied)
Error: Unable to acquire the dpkg frontend lock (/var/lib/dpkg/lock-frontend), are you root?
[1;33m[WARNING][0m Some system packages failed to install, but continuing...
[0;32m[SUCCESS][0m System dependencies installed
[0;34m[INFO][0m Installing ngrok...
gpg: can't create '/usr/share/keyrings/ngrok.gpg': Permission denied
gpg: no valid OpenPGP data found.
gpg: dearmoring failed: Permission denied
