Watching for file changes with StatReloader
/workspace/dicom_viewer/views.py changed, reloading.
Watching for file changes with StatReloader
/workspace/dicom_viewer/urls.py changed, reloading.
Watching for file changes with StatReloader
Watching for file changes with StatReloader
Watching for file changes with StatReloader
/workspace/noctis_pro/urls.py changed, reloading.
Watching for file changes with StatReloader
/workspace/noctis_pro/urls.py changed, reloading.
Watching for file changes with StatReloader
Watching for file changes with StatReloader
Watching for file changes with StatReloader
/workspace/dicom_viewer/urls.py changed, reloading.
Watching for file changes with StatReloader
/workspace/dicom_viewer/views.py changed, reloading.
Watching for file changes with StatReloader
Watching for file changes with StatReloader
"HEAD / HTTP/1.1" 302 0
Not Found: /dicom_viewer/
"GET /dicom_viewer/ HTTP/1.1" 404 4435
"GET /worklist/ HTTP/1.1" 302 0
"GET /admin/ HTTP/1.1" 302 0
"HEAD /viewer/ HTTP/1.1" 302 0
"GET /login/ HTTP/1.1" 200 20078
"HEAD /viewer/standalone/ HTTP/1.1" 302 0
"HEAD /viewer/advanced/ HTTP/1.1" 302 0
