Performing system checks...

System check identified no issues (0 silenced).
August 31, 2025 - 16:29:52
Django version 5.2.5, using settings 'noctis_pro.settings'
Starting ASGI/Daphne version 4.2.1 development server at http://0.0.0.0:8000/
Quit the server with CONTROL-C.
Performing system checks...

System check identified no issues (0 silenced).
August 31, 2025 - 16:44:51
Django version 5.2.5, using settings 'noctis_pro.settings'
Starting ASGI/Daphne version 4.2.1 development server at http://0.0.0.0:8000/
Quit the server with CONTROL-C.
Performing system checks...

System check identified no issues (0 silenced).
August 31, 2025 - 16:45:18
Django version 5.2.5, using settings 'noctis_pro.settings'
Starting ASGI/Daphne version 4.2.1 development server at http://0.0.0.0:8000/
Quit the server with CONTROL-C.
Performing system checks...

System check identified no issues (0 silenced).
August 31, 2025 - 16:45:25
Django version 5.2.5, using settings 'noctis_pro.settings'
Starting ASGI/Daphne version 4.2.1 development server at http://0.0.0.0:8000/
Quit the server with CONTROL-C.
Performing system checks...

System check identified no issues (0 silenced).
August 31, 2025 - 16:45:32
Django version 5.2.5, using settings 'noctis_pro.settings'
Starting ASGI/Daphne version 4.2.1 development server at http://0.0.0.0:8000/
Quit the server with CONTROL-C.
Performing system checks...

System check identified no issues (0 silenced).
August 31, 2025 - 16:45:55
Django version 5.2.5, using settings 'noctis_pro.settings'
Starting ASGI/Daphne version 4.2.1 development server at http://0.0.0.0:8000/
Quit the server with CONTROL-C.
Performing system checks...

System check identified no issues (0 silenced).
August 31, 2025 - 16:46:03
Django version 5.2.5, using settings 'noctis_pro.settings'
Starting ASGI/Daphne version 4.2.1 development server at http://0.0.0.0:8000/
Quit the server with CONTROL-C.
Performing system checks...

System check identified no issues (0 silenced).
August 31, 2025 - 16:46:15
Django version 5.2.5, using settings 'noctis_pro.settings'
Starting ASGI/Daphne version 4.2.1 development server at http://0.0.0.0:8000/
Quit the server with CONTROL-C.
Performing system checks...

System check identified no issues (0 silenced).
August 31, 2025 - 16:48:05
Django version 5.2.5, using settings 'noctis_pro.settings'
Starting ASGI/Daphne version 4.2.1 development server at http://0.0.0.0:8000/
Quit the server with CONTROL-C.
