Performing system checks...

System check identified no issues (0 silenced).
August 31, 2025 - 15:30:46
Django version 5.2.5, using settings 'noctis_pro.settings'
Starting ASGI/Daphne version 4.2.1 development server at http://0.0.0.0:8000/
Quit the server with CONTROL-C.
Performing system checks...

System check identified no issues (0 silenced).
August 31, 2025 - 16:10:12
Django version 5.2.5, using settings 'noctis_pro.settings'
Starting ASGI/Daphne version 4.2.1 development server at http://0.0.0.0:8000/
Quit the server with CONTROL-C.
Performing system checks...

System check identified no issues (0 silenced).
August 31, 2025 - 16:10:30
Django version 5.2.5, using settings 'noctis_pro.settings'
Starting ASGI/Daphne version 4.2.1 development server at http://0.0.0.0:8000/
Quit the server with CONTROL-C.
Performing system checks...

System check identified no issues (0 silenced).
August 31, 2025 - 16:10:36
Django version 5.2.5, using settings 'noctis_pro.settings'
Starting ASGI/Daphne version 4.2.1 development server at http://0.0.0.0:8000/
Quit the server with CONTROL-C.
Performing system checks...

System check identified no issues (0 silenced).
August 31, 2025 - 16:11:51
Django version 5.2.5, using settings 'noctis_pro.settings'
Starting ASGI/Daphne version 4.2.1 development server at http://0.0.0.0:8000/
Quit the server with CONTROL-C.
