2025-09-05 18:33:06,960 - dicom_receiver - INFO - [__init__:277] - DICOM Receiver initialized - AET: NOCTIS_SCP, Port: 11112, Max PDU: 16384
2025-09-05 18:33:06,960 - dicom_receiver - INFO - [start:713] - Starting DICOM receiver on port 11112
2025-09-05 18:33:06,966 - dicom_receiver - INFO - [setup_ae:304] - Application Entity configured successfully
2025-09-05 18:33:06,966 - dicom_receiver - INFO - [start:721] - ============================================================
2025-09-05 18:33:06,966 - dicom_receiver - INFO - [start:722] - NOCTIS PRO DICOM RECEIVER SERVICE
2025-09-05 18:33:06,967 - dicom_receiver - INFO - [start:723] - ============================================================
2025-09-05 18:33:06,967 - dicom_receiver - INFO - [start:724] - Application Entity Title: NOCTIS_SCP
2025-09-05 18:33:06,967 - dicom_receiver - INFO - [start:725] - Listening on port: 11112
2025-09-05 18:33:06,967 - dicom_receiver - INFO - [start:726] - Maximum PDU size: 16384
2025-09-05 18:33:06,967 - dicom_receiver - INFO - [start:727] - Storage directory: /workspace/media/dicom/received
2025-09-05 18:33:06,967 - dicom_receiver - INFO - [start:728] - Waiting for DICOM connections...
2025-09-05 18:33:06,967 - dicom_receiver - INFO - [start:729] - ============================================================
2025-09-06 12:44:10,769 - dicom_receiver - INFO - [__init__:277] - DICOM Receiver initialized - AET: NOCTIS_SCP, Port: 11112, Max PDU: 16384
2025-09-06 12:44:10,769 - dicom_receiver - INFO - [start:713] - Starting DICOM receiver on port 11112
2025-09-06 12:44:10,776 - dicom_receiver - INFO - [setup_ae:304] - Application Entity configured successfully
2025-09-06 12:44:10,776 - dicom_receiver - INFO - [start:721] - ============================================================
2025-09-06 12:44:10,776 - dicom_receiver - INFO - [start:722] - NOCTIS PRO DICOM RECEIVER SERVICE
2025-09-06 12:44:10,776 - dicom_receiver - INFO - [start:723] - ============================================================
2025-09-06 12:44:10,776 - dicom_receiver - INFO - [start:724] - Application Entity Title: NOCTIS_SCP
2025-09-06 12:44:10,776 - dicom_receiver - INFO - [start:725] - Listening on port: 11112
2025-09-06 12:44:10,776 - dicom_receiver - INFO - [start:726] - Maximum PDU size: 16384
2025-09-06 12:44:10,776 - dicom_receiver - INFO - [start:727] - Storage directory: /workspace/media/dicom/received
2025-09-06 12:44:10,776 - dicom_receiver - INFO - [start:728] - Waiting for DICOM connections...
2025-09-06 12:44:10,776 - dicom_receiver - INFO - [start:729] - ============================================================
2025-09-06 13:17:31,443 - dicom_receiver - INFO - [__init__:277] - DICOM Receiver initialized - AET: NOCTIS_SCP, Port: 11112, Max PDU: 16384
2025-09-06 13:17:31,444 - dicom_receiver - INFO - [start:713] - Starting DICOM receiver on port 11112
2025-09-06 13:17:31,450 - dicom_receiver - INFO - [setup_ae:304] - Application Entity configured successfully
2025-09-06 13:17:31,450 - dicom_receiver - INFO - [start:721] - ============================================================
2025-09-06 13:17:31,451 - dicom_receiver - INFO - [start:722] - NOCTIS PRO DICOM RECEIVER SERVICE
2025-09-06 13:17:31,451 - dicom_receiver - INFO - [start:723] - ============================================================
2025-09-06 13:17:31,451 - dicom_receiver - INFO - [start:724] - Application Entity Title: NOCTIS_SCP
2025-09-06 13:17:31,451 - dicom_receiver - INFO - [start:725] - Listening on port: 11112
2025-09-06 13:17:31,451 - dicom_receiver - INFO - [start:726] - Maximum PDU size: 16384
2025-09-06 13:17:31,451 - dicom_receiver - INFO - [start:727] - Storage directory: /workspace/media/dicom/received
2025-09-06 13:17:31,451 - dicom_receiver - INFO - [start:728] - Waiting for DICOM connections...
2025-09-06 13:17:31,451 - dicom_receiver - INFO - [start:729] - ============================================================
2025-09-06 13:30:23,202 - dicom_receiver - INFO - [signal_handler:764] - Received signal 2, shutting down gracefully...
2025-09-06 13:32:26,143 - dicom_receiver - INFO - [__init__:277] - DICOM Receiver initialized - AET: NOCTIS_SCP, Port: 11112, Max PDU: 16384
2025-09-06 13:32:26,144 - dicom_receiver - INFO - [start:713] - Starting DICOM receiver on port 11112
2025-09-06 13:32:26,150 - dicom_receiver - INFO - [setup_ae:304] - Application Entity configured successfully
2025-09-06 13:32:26,150 - dicom_receiver - INFO - [start:721] - ============================================================
2025-09-06 13:32:26,151 - dicom_receiver - INFO - [start:722] - NOCTIS PRO DICOM RECEIVER SERVICE
2025-09-06 13:32:26,151 - dicom_receiver - INFO - [start:723] - ============================================================
2025-09-06 13:32:26,151 - dicom_receiver - INFO - [start:724] - Application Entity Title: NOCTIS_SCP
2025-09-06 13:32:26,151 - dicom_receiver - INFO - [start:725] - Listening on port: 11112
2025-09-06 13:32:26,151 - dicom_receiver - INFO - [start:726] - Maximum PDU size: 16384
2025-09-06 13:32:26,151 - dicom_receiver - INFO - [start:727] - Storage directory: /workspace/media/dicom/received
2025-09-06 13:32:26,151 - dicom_receiver - INFO - [start:728] - Waiting for DICOM connections...
2025-09-06 13:32:26,151 - dicom_receiver - INFO - [start:729] - ============================================================
2025-09-06 13:32:26,151 - dicom_receiver - ERROR - [start:737] - Error starting DICOM receiver: [Errno 98] Address already in use
2025-09-06 13:32:26,153 - dicom_receiver - ERROR - [start:738] - Traceback: Traceback (most recent call last):
  File "/workspace/dicom_receiver.py", line 732, in start
    self.ae.start_server(('', self.port), block=True)
    ~~~~~~~~~~~~~~~~~~~~^^^^^^^^^^^^^^^^^^^^^^^^^^^^^
  File "/workspace/venv_optimized/lib/python3.13/site-packages/pynetdicom/ae.py", line 1431, in start_server
    server = self.make_server(
        address,
    ...<3 lines>...
        evt_handlers=evt_handlers,
    )
  File "/workspace/venv_optimized/lib/python3.13/site-packages/pynetdicom/ae.py", line 879, in make_server
    return server_class(  # type: ignore
        self,
    ...<5 lines>...
        **kwargs,
    )
  File "/workspace/venv_optimized/lib/python3.13/site-packages/pynetdicom/transport.py", line 860, in __init__
    super().__init__(address, request_handler, bind_and_activate=True)
    ~~~~~~~~~~~~~~~~^^^^^^^^^^^^^^^^^^^^^^^^^^^^^^^^^^^^^^^^^^^^^^^^^^
  File "/usr/lib/python3.13/socketserver.py", line 457, in __init__
    self.server_bind()
    ~~~~~~~~~~~~~~~~^^
  File "/workspace/venv_optimized/lib/python3.13/site-packages/pynetdicom/transport.py", line 1007, in server_bind
    self.socket.bind(self.server_address)
    ~~~~~~~~~~~~~~~~^^^^^^^^^^^^^^^^^^^^^
OSError: [Errno 98] Address already in use

2025-09-06 13:32:26,153 - dicom_receiver - INFO - [start:741] - DICOM receiver service stopped
2025-09-06 13:32:26,153 - dicom_receiver - INFO - [start:745] - Final Statistics:
2025-09-06 13:32:26,153 - dicom_receiver - INFO - [start:746] -   Total received: 0
2025-09-06 13:32:26,153 - dicom_receiver - INFO - [start:747] -   Total stored: 0
2025-09-06 13:32:26,153 - dicom_receiver - INFO - [start:748] -   Total errors: 0
2025-09-06 13:32:26,153 - dicom_receiver - INFO - [start:749] -   Success rate: 0.0%
2025-09-06 13:32:26,153 - dicom_receiver - INFO - [start:751] -   Runtime: 0 seconds
2025-09-06 13:32:26,153 - dicom_receiver - INFO - [stop:755] - Stopping DICOM receiver...
2025-09-06 13:33:05,011 - dicom_receiver - INFO - [__init__:277] - DICOM Receiver initialized - AET: NOCTIS_SCP, Port: 11112, Max PDU: 16384
2025-09-06 13:33:05,011 - dicom_receiver - INFO - [start:713] - Starting DICOM receiver on port 11112
2025-09-06 13:33:05,018 - dicom_receiver - INFO - [setup_ae:304] - Application Entity configured successfully
2025-09-06 13:33:05,018 - dicom_receiver - INFO - [start:721] - ============================================================
2025-09-06 13:33:05,018 - dicom_receiver - INFO - [start:722] - NOCTIS PRO DICOM RECEIVER SERVICE
2025-09-06 13:33:05,018 - dicom_receiver - INFO - [start:723] - ============================================================
2025-09-06 13:33:05,018 - dicom_receiver - INFO - [start:724] - Application Entity Title: NOCTIS_SCP
2025-09-06 13:33:05,018 - dicom_receiver - INFO - [start:725] - Listening on port: 11112
2025-09-06 13:33:05,018 - dicom_receiver - INFO - [start:726] - Maximum PDU size: 16384
2025-09-06 13:33:05,018 - dicom_receiver - INFO - [start:727] - Storage directory: /workspace/media/dicom/received
2025-09-06 13:33:05,018 - dicom_receiver - INFO - [start:728] - Waiting for DICOM connections...
2025-09-06 13:33:05,018 - dicom_receiver - INFO - [start:729] - ============================================================
2025-09-06 13:33:05,018 - dicom_receiver - ERROR - [start:737] - Error starting DICOM receiver: [Errno 98] Address already in use
2025-09-06 13:33:05,020 - dicom_receiver - ERROR - [start:738] - Traceback: Traceback (most recent call last):
  File "/workspace/dicom_receiver.py", line 732, in start
    self.ae.start_server(('', self.port), block=True)
    ~~~~~~~~~~~~~~~~~~~~^^^^^^^^^^^^^^^^^^^^^^^^^^^^^
  File "/workspace/venv_optimized/lib/python3.13/site-packages/pynetdicom/ae.py", line 1431, in start_server
    server = self.make_server(
        address,
    ...<3 lines>...
        evt_handlers=evt_handlers,
    )
  File "/workspace/venv_optimized/lib/python3.13/site-packages/pynetdicom/ae.py", line 879, in make_server
    return server_class(  # type: ignore
        self,
    ...<5 lines>...
        **kwargs,
    )
  File "/workspace/venv_optimized/lib/python3.13/site-packages/pynetdicom/transport.py", line 860, in __init__
    super().__init__(address, request_handler, bind_and_activate=True)
    ~~~~~~~~~~~~~~~~^^^^^^^^^^^^^^^^^^^^^^^^^^^^^^^^^^^^^^^^^^^^^^^^^^
  File "/usr/lib/python3.13/socketserver.py", line 457, in __init__
    self.server_bind()
    ~~~~~~~~~~~~~~~~^^
  File "/workspace/venv_optimized/lib/python3.13/site-packages/pynetdicom/transport.py", line 1007, in server_bind
    self.socket.bind(self.server_address)
    ~~~~~~~~~~~~~~~~^^^^^^^^^^^^^^^^^^^^^
OSError: [Errno 98] Address already in use

2025-09-06 13:33:05,020 - dicom_receiver - INFO - [start:741] - DICOM receiver service stopped
2025-09-06 13:33:05,020 - dicom_receiver - INFO - [start:745] - Final Statistics:
2025-09-06 13:33:05,020 - dicom_receiver - INFO - [start:746] -   Total received: 0
2025-09-06 13:33:05,020 - dicom_receiver - INFO - [start:747] -   Total stored: 0
2025-09-06 13:33:05,020 - dicom_receiver - INFO - [start:748] -   Total errors: 0
2025-09-06 13:33:05,020 - dicom_receiver - INFO - [start:749] -   Success rate: 0.0%
2025-09-06 13:33:05,020 - dicom_receiver - INFO - [start:751] -   Runtime: 0 seconds
2025-09-06 13:33:05,020 - dicom_receiver - INFO - [stop:755] - Stopping DICOM receiver...
2025-09-06 13:33:30,857 - dicom_receiver - INFO - [__init__:277] - DICOM Receiver initialized - AET: NOCTIS_SCP, Port: 11112, Max PDU: 16384
2025-09-06 13:33:30,857 - dicom_receiver - INFO - [start:713] - Starting DICOM receiver on port 11112
2025-09-06 13:33:30,863 - dicom_receiver - INFO - [setup_ae:304] - Application Entity configured successfully
2025-09-06 13:33:30,863 - dicom_receiver - INFO - [start:721] - ============================================================
2025-09-06 13:33:30,863 - dicom_receiver - INFO - [start:722] - NOCTIS PRO DICOM RECEIVER SERVICE
2025-09-06 13:33:30,863 - dicom_receiver - INFO - [start:723] - ============================================================
2025-09-06 13:33:30,863 - dicom_receiver - INFO - [start:724] - Application Entity Title: NOCTIS_SCP
2025-09-06 13:33:30,863 - dicom_receiver - INFO - [start:725] - Listening on port: 11112
2025-09-06 13:33:30,863 - dicom_receiver - INFO - [start:726] - Maximum PDU size: 16384
2025-09-06 13:33:30,863 - dicom_receiver - INFO - [start:727] - Storage directory: /workspace/media/dicom/received
2025-09-06 13:33:30,863 - dicom_receiver - INFO - [start:728] - Waiting for DICOM connections...
2025-09-06 13:33:30,863 - dicom_receiver - INFO - [start:729] - ============================================================
2025-09-06 13:33:30,864 - dicom_receiver - ERROR - [start:737] - Error starting DICOM receiver: [Errno 98] Address already in use
2025-09-06 13:33:30,865 - dicom_receiver - ERROR - [start:738] - Traceback: Traceback (most recent call last):
  File "/workspace/dicom_receiver.py", line 732, in start
    self.ae.start_server(('', self.port), block=True)
    ~~~~~~~~~~~~~~~~~~~~^^^^^^^^^^^^^^^^^^^^^^^^^^^^^
  File "/workspace/venv_optimized/lib/python3.13/site-packages/pynetdicom/ae.py", line 1431, in start_server
    server = self.make_server(
        address,
    ...<3 lines>...
        evt_handlers=evt_handlers,
    )
  File "/workspace/venv_optimized/lib/python3.13/site-packages/pynetdicom/ae.py", line 879, in make_server
    return server_class(  # type: ignore
        self,
    ...<5 lines>...
        **kwargs,
    )
  File "/workspace/venv_optimized/lib/python3.13/site-packages/pynetdicom/transport.py", line 860, in __init__
    super().__init__(address, request_handler, bind_and_activate=True)
    ~~~~~~~~~~~~~~~~^^^^^^^^^^^^^^^^^^^^^^^^^^^^^^^^^^^^^^^^^^^^^^^^^^
  File "/usr/lib/python3.13/socketserver.py", line 457, in __init__
    self.server_bind()
    ~~~~~~~~~~~~~~~~^^
  File "/workspace/venv_optimized/lib/python3.13/site-packages/pynetdicom/transport.py", line 1007, in server_bind
    self.socket.bind(self.server_address)
    ~~~~~~~~~~~~~~~~^^^^^^^^^^^^^^^^^^^^^
OSError: [Errno 98] Address already in use

2025-09-06 13:33:30,865 - dicom_receiver - INFO - [start:741] - DICOM receiver service stopped
2025-09-06 13:33:30,865 - dicom_receiver - INFO - [start:745] - Final Statistics:
2025-09-06 13:33:30,865 - dicom_receiver - INFO - [start:746] -   Total received: 0
2025-09-06 13:33:30,865 - dicom_receiver - INFO - [start:747] -   Total stored: 0
2025-09-06 13:33:30,865 - dicom_receiver - INFO - [start:748] -   Total errors: 0
2025-09-06 13:33:30,865 - dicom_receiver - INFO - [start:749] -   Success rate: 0.0%
2025-09-06 13:33:30,865 - dicom_receiver - INFO - [start:751] -   Runtime: 0 seconds
2025-09-06 13:33:30,865 - dicom_receiver - INFO - [stop:755] - Stopping DICOM receiver...
2025-09-06 13:42:10,235 - dicom_receiver - INFO - [__init__:277] - DICOM Receiver initialized - AET: NOCTIS_SCP, Port: 11112, Max PDU: 16384
2025-09-06 13:42:10,236 - dicom_receiver - INFO - [start:713] - Starting DICOM receiver on port 11112
2025-09-06 13:42:10,242 - dicom_receiver - INFO - [setup_ae:304] - Application Entity configured successfully
2025-09-06 13:42:10,243 - dicom_receiver - INFO - [start:721] - ============================================================
2025-09-06 13:42:10,243 - dicom_receiver - INFO - [start:722] - NOCTIS PRO DICOM RECEIVER SERVICE
2025-09-06 13:42:10,243 - dicom_receiver - INFO - [start:723] - ============================================================
2025-09-06 13:42:10,243 - dicom_receiver - INFO - [start:724] - Application Entity Title: NOCTIS_SCP
2025-09-06 13:42:10,243 - dicom_receiver - INFO - [start:725] - Listening on port: 11112
2025-09-06 13:42:10,243 - dicom_receiver - INFO - [start:726] - Maximum PDU size: 16384
2025-09-06 13:42:10,243 - dicom_receiver - INFO - [start:727] - Storage directory: /workspace/media/dicom/received
2025-09-06 13:42:10,243 - dicom_receiver - INFO - [start:728] - Waiting for DICOM connections...
2025-09-06 13:42:10,243 - dicom_receiver - INFO - [start:729] - ============================================================
2025-09-06 22:25:10,923 - dicom_receiver - INFO - [__init__:285] - DICOM Receiver initialized - AET: NOCTIS_SCP, Port: 11112, Max PDU: 16384
2025-09-06 22:25:10,923 - dicom_receiver - INFO - [start:721] - Starting DICOM receiver on port 11112
2025-09-06 22:25:10,929 - dicom_receiver - INFO - [setup_ae:312] - Application Entity configured successfully
2025-09-06 22:25:10,930 - dicom_receiver - INFO - [start:729] - ============================================================
2025-09-06 22:25:10,930 - dicom_receiver - INFO - [start:730] - NOCTIS PRO DICOM RECEIVER SERVICE
2025-09-06 22:25:10,930 - dicom_receiver - INFO - [start:731] - ============================================================
2025-09-06 22:25:10,930 - dicom_receiver - INFO - [start:732] - Application Entity Title: NOCTIS_SCP
2025-09-06 22:25:10,930 - dicom_receiver - INFO - [start:733] - Listening on port: 11112
2025-09-06 22:25:10,930 - dicom_receiver - INFO - [start:734] - Maximum PDU size: 16384
2025-09-06 22:25:10,930 - dicom_receiver - INFO - [start:735] - Storage directory: /workspace/media/dicom/received
2025-09-06 22:25:10,930 - dicom_receiver - INFO - [start:736] - Waiting for DICOM connections...
2025-09-06 22:25:10,930 - dicom_receiver - INFO - [start:737] - ============================================================
2025-09-06 22:25:54,754 - dicom_receiver - INFO - [signal_handler:772] - Received signal 15, shutting down gracefully...
2025-09-06 22:25:57,126 - dicom_receiver - INFO - [__init__:285] - DICOM Receiver initialized - AET: NOCTIS_SCP, Port: 11112, Max PDU: 16384
2025-09-06 22:25:57,126 - dicom_receiver - INFO - [start:721] - Starting DICOM receiver on port 11112
2025-09-06 22:25:57,133 - dicom_receiver - INFO - [setup_ae:312] - Application Entity configured successfully
2025-09-06 22:25:57,133 - dicom_receiver - INFO - [start:729] - ============================================================
2025-09-06 22:25:57,133 - dicom_receiver - INFO - [start:730] - NOCTIS PRO DICOM RECEIVER SERVICE
2025-09-06 22:25:57,133 - dicom_receiver - INFO - [start:731] - ============================================================
2025-09-06 22:25:57,133 - dicom_receiver - INFO - [start:732] - Application Entity Title: NOCTIS_SCP
2025-09-06 22:25:57,133 - dicom_receiver - INFO - [start:733] - Listening on port: 11112
2025-09-06 22:25:57,133 - dicom_receiver - INFO - [start:734] - Maximum PDU size: 16384
2025-09-06 22:25:57,133 - dicom_receiver - INFO - [start:735] - Storage directory: /workspace/media/dicom/received
2025-09-06 22:25:57,133 - dicom_receiver - INFO - [start:736] - Waiting for DICOM connections...
2025-09-06 22:25:57,133 - dicom_receiver - INFO - [start:737] - ============================================================
2025-09-06 22:25:57,133 - dicom_receiver - ERROR - [start:745] - Error starting DICOM receiver: [Errno 98] Address already in use
2025-09-06 22:25:57,135 - dicom_receiver - ERROR - [start:746] - Traceback: Traceback (most recent call last):
  File "/workspace/dicom_receiver.py", line 740, in start
    self.ae.start_server(('', self.port), block=True)
    ~~~~~~~~~~~~~~~~~~~~^^^^^^^^^^^^^^^^^^^^^^^^^^^^^
  File "/workspace/venv_optimized/lib/python3.13/site-packages/pynetdicom/ae.py", line 1431, in start_server
    server = self.make_server(
        address,
    ...<3 lines>...
        evt_handlers=evt_handlers,
    )
  File "/workspace/venv_optimized/lib/python3.13/site-packages/pynetdicom/ae.py", line 879, in make_server
    return server_class(  # type: ignore
        self,
    ...<5 lines>...
        **kwargs,
    )
  File "/workspace/venv_optimized/lib/python3.13/site-packages/pynetdicom/transport.py", line 860, in __init__
    super().__init__(address, request_handler, bind_and_activate=True)
    ~~~~~~~~~~~~~~~~^^^^^^^^^^^^^^^^^^^^^^^^^^^^^^^^^^^^^^^^^^^^^^^^^^
  File "/usr/lib/python3.13/socketserver.py", line 457, in __init__
    self.server_bind()
    ~~~~~~~~~~~~~~~~^^
  File "/workspace/venv_optimized/lib/python3.13/site-packages/pynetdicom/transport.py", line 1007, in server_bind
    self.socket.bind(self.server_address)
    ~~~~~~~~~~~~~~~~^^^^^^^^^^^^^^^^^^^^^
OSError: [Errno 98] Address already in use

2025-09-06 22:25:57,135 - dicom_receiver - INFO - [start:749] - DICOM receiver service stopped
2025-09-06 22:25:57,135 - dicom_receiver - INFO - [start:753] - Final Statistics:
2025-09-06 22:25:57,135 - dicom_receiver - INFO - [start:754] -   Total received: 0
2025-09-06 22:25:57,135 - dicom_receiver - INFO - [start:755] -   Total stored: 0
2025-09-06 22:25:57,135 - dicom_receiver - INFO - [start:756] -   Total errors: 0
2025-09-06 22:25:57,135 - dicom_receiver - INFO - [start:757] -   Success rate: 0.0%
2025-09-06 22:25:57,135 - dicom_receiver - INFO - [start:759] -   Runtime: 0 seconds
2025-09-06 22:25:57,135 - dicom_receiver - INFO - [stop:763] - Stopping DICOM receiver...
2025-09-06 22:26:38,339 - dicom_receiver - INFO - [signal_handler:772] - Received signal 15, shutting down gracefully...
2025-09-06 22:26:40,652 - dicom_receiver - INFO - [__init__:285] - DICOM Receiver initialized - AET: NOCTIS_SCP, Port: 11112, Max PDU: 16384
2025-09-06 22:26:40,653 - dicom_receiver - INFO - [start:721] - Starting DICOM receiver on port 11112
2025-09-06 22:26:40,659 - dicom_receiver - INFO - [setup_ae:312] - Application Entity configured successfully
2025-09-06 22:26:40,659 - dicom_receiver - INFO - [start:729] - ============================================================
2025-09-06 22:26:40,659 - dicom_receiver - INFO - [start:730] - NOCTIS PRO DICOM RECEIVER SERVICE
2025-09-06 22:26:40,660 - dicom_receiver - INFO - [start:731] - ============================================================
2025-09-06 22:26:40,660 - dicom_receiver - INFO - [start:732] - Application Entity Title: NOCTIS_SCP
2025-09-06 22:26:40,660 - dicom_receiver - INFO - [start:733] - Listening on port: 11112
2025-09-06 22:26:40,660 - dicom_receiver - INFO - [start:734] - Maximum PDU size: 16384
2025-09-06 22:26:40,660 - dicom_receiver - INFO - [start:735] - Storage directory: /workspace/media/dicom/received
2025-09-06 22:26:40,660 - dicom_receiver - INFO - [start:736] - Waiting for DICOM connections...
2025-09-06 22:26:40,660 - dicom_receiver - INFO - [start:737] - ============================================================
2025-09-06 22:26:40,660 - dicom_receiver - ERROR - [start:745] - Error starting DICOM receiver: [Errno 98] Address already in use
2025-09-06 22:26:40,661 - dicom_receiver - ERROR - [start:746] - Traceback: Traceback (most recent call last):
  File "/workspace/dicom_receiver.py", line 740, in start
    self.ae.start_server(('', self.port), block=True)
    ~~~~~~~~~~~~~~~~~~~~^^^^^^^^^^^^^^^^^^^^^^^^^^^^^
  File "/workspace/venv_optimized/lib/python3.13/site-packages/pynetdicom/ae.py", line 1431, in start_server
    server = self.make_server(
        address,
    ...<3 lines>...
        evt_handlers=evt_handlers,
    )
  File "/workspace/venv_optimized/lib/python3.13/site-packages/pynetdicom/ae.py", line 879, in make_server
    return server_class(  # type: ignore
        self,
    ...<5 lines>...
        **kwargs,
    )
  File "/workspace/venv_optimized/lib/python3.13/site-packages/pynetdicom/transport.py", line 860, in __init__
    super().__init__(address, request_handler, bind_and_activate=True)
    ~~~~~~~~~~~~~~~~^^^^^^^^^^^^^^^^^^^^^^^^^^^^^^^^^^^^^^^^^^^^^^^^^^
  File "/usr/lib/python3.13/socketserver.py", line 457, in __init__
    self.server_bind()
    ~~~~~~~~~~~~~~~~^^
  File "/workspace/venv_optimized/lib/python3.13/site-packages/pynetdicom/transport.py", line 1007, in server_bind
    self.socket.bind(self.server_address)
    ~~~~~~~~~~~~~~~~^^^^^^^^^^^^^^^^^^^^^
OSError: [Errno 98] Address already in use

2025-09-06 22:26:40,661 - dicom_receiver - INFO - [start:749] - DICOM receiver service stopped
2025-09-06 22:26:40,662 - dicom_receiver - INFO - [start:753] - Final Statistics:
2025-09-06 22:26:40,662 - dicom_receiver - INFO - [start:754] -   Total received: 0
2025-09-06 22:26:40,662 - dicom_receiver - INFO - [start:755] -   Total stored: 0
2025-09-06 22:26:40,662 - dicom_receiver - INFO - [start:756] -   Total errors: 0
2025-09-06 22:26:40,662 - dicom_receiver - INFO - [start:757] -   Success rate: 0.0%
2025-09-06 22:26:40,662 - dicom_receiver - INFO - [start:759] -   Runtime: 0 seconds
2025-09-06 22:26:40,662 - dicom_receiver - INFO - [stop:763] - Stopping DICOM receiver...
2025-09-07 21:34:36,784 - dicom_receiver - INFO - [__init__:285] - DICOM Receiver initialized - AET: NOCTIS_SCP, Port: 11112, Max PDU: 16384
2025-09-07 21:34:36,785 - dicom_receiver - INFO - [start:721] - Starting DICOM receiver on port 11112
2025-09-07 21:34:36,792 - dicom_receiver - INFO - [setup_ae:312] - Application Entity configured successfully
2025-09-07 21:34:36,792 - dicom_receiver - INFO - [start:729] - ============================================================
2025-09-07 21:34:36,792 - dicom_receiver - INFO - [start:730] - NOCTIS PRO DICOM RECEIVER SERVICE
2025-09-07 21:34:36,792 - dicom_receiver - INFO - [start:731] - ============================================================
2025-09-07 21:34:36,792 - dicom_receiver - INFO - [start:732] - Application Entity Title: NOCTIS_SCP
2025-09-07 21:34:36,792 - dicom_receiver - INFO - [start:733] - Listening on port: 11112
2025-09-07 21:34:36,792 - dicom_receiver - INFO - [start:734] - Maximum PDU size: 16384
2025-09-07 21:34:36,792 - dicom_receiver - INFO - [start:735] - Storage directory: /workspace/media/dicom/received
2025-09-07 21:34:36,792 - dicom_receiver - INFO - [start:736] - Waiting for DICOM connections...
2025-09-07 21:34:36,792 - dicom_receiver - INFO - [start:737] - ============================================================
2025-09-07 21:46:01,297 - dicom_receiver - INFO - [__init__:285] - DICOM Receiver initialized - AET: NOCTIS_SCP, Port: 11112, Max PDU: 16384
2025-09-07 21:46:01,297 - dicom_receiver - INFO - [start:721] - Starting DICOM receiver on port 11112
2025-09-07 21:46:01,304 - dicom_receiver - INFO - [setup_ae:312] - Application Entity configured successfully
2025-09-07 21:46:01,304 - dicom_receiver - INFO - [start:729] - ============================================================
2025-09-07 21:46:01,304 - dicom_receiver - INFO - [start:730] - NOCTIS PRO DICOM RECEIVER SERVICE
2025-09-07 21:46:01,304 - dicom_receiver - INFO - [start:731] - ============================================================
2025-09-07 21:46:01,304 - dicom_receiver - INFO - [start:732] - Application Entity Title: NOCTIS_SCP
2025-09-07 21:46:01,304 - dicom_receiver - INFO - [start:733] - Listening on port: 11112
2025-09-07 21:46:01,304 - dicom_receiver - INFO - [start:734] - Maximum PDU size: 16384
2025-09-07 21:46:01,304 - dicom_receiver - INFO - [start:735] - Storage directory: /workspace/media/dicom/received
2025-09-07 21:46:01,304 - dicom_receiver - INFO - [start:736] - Waiting for DICOM connections...
2025-09-07 21:46:01,304 - dicom_receiver - INFO - [start:737] - ============================================================
2025-09-07 21:46:01,304 - dicom_receiver - ERROR - [start:745] - Error starting DICOM receiver: [Errno 98] Address already in use
2025-09-07 21:46:01,306 - dicom_receiver - ERROR - [start:746] - Traceback: Traceback (most recent call last):
  File "/workspace/dicom_receiver.py", line 740, in start
    self.ae.start_server(('', self.port), block=True)
    ~~~~~~~~~~~~~~~~~~~~^^^^^^^^^^^^^^^^^^^^^^^^^^^^^
  File "/workspace/venv_optimized/lib/python3.13/site-packages/pynetdicom/ae.py", line 1431, in start_server
    server = self.make_server(
        address,
    ...<3 lines>...
        evt_handlers=evt_handlers,
    )
  File "/workspace/venv_optimized/lib/python3.13/site-packages/pynetdicom/ae.py", line 879, in make_server
    return server_class(  # type: ignore
        self,
    ...<5 lines>...
        **kwargs,
    )
  File "/workspace/venv_optimized/lib/python3.13/site-packages/pynetdicom/transport.py", line 860, in __init__
    super().__init__(address, request_handler, bind_and_activate=True)
    ~~~~~~~~~~~~~~~~^^^^^^^^^^^^^^^^^^^^^^^^^^^^^^^^^^^^^^^^^^^^^^^^^^
  File "/usr/lib/python3.13/socketserver.py", line 457, in __init__
    self.server_bind()
    ~~~~~~~~~~~~~~~~^^
  File "/workspace/venv_optimized/lib/python3.13/site-packages/pynetdicom/transport.py", line 1007, in server_bind
    self.socket.bind(self.server_address)
    ~~~~~~~~~~~~~~~~^^^^^^^^^^^^^^^^^^^^^
OSError: [Errno 98] Address already in use

2025-09-07 21:46:01,307 - dicom_receiver - INFO - [start:749] - DICOM receiver service stopped
2025-09-07 21:46:01,307 - dicom_receiver - INFO - [start:753] - Final Statistics:
2025-09-07 21:46:01,307 - dicom_receiver - INFO - [start:754] -   Total received: 0
2025-09-07 21:46:01,307 - dicom_receiver - INFO - [start:755] -   Total stored: 0
2025-09-07 21:46:01,307 - dicom_receiver - INFO - [start:756] -   Total errors: 0
2025-09-07 21:46:01,307 - dicom_receiver - INFO - [start:757] -   Success rate: 0.0%
2025-09-07 21:46:01,307 - dicom_receiver - INFO - [start:759] -   Runtime: 0 seconds
2025-09-07 21:46:01,307 - dicom_receiver - INFO - [stop:763] - Stopping DICOM receiver...
2025-09-07 22:06:47,352 - dicom_receiver - INFO - [__init__:285] - DICOM Receiver initialized - AET: NOCTIS_SCP, Port: 11112, Max PDU: 16384
2025-09-07 22:06:47,352 - dicom_receiver - INFO - [start:721] - Starting DICOM receiver on port 11112
2025-09-07 22:06:47,359 - dicom_receiver - INFO - [setup_ae:312] - Application Entity configured successfully
2025-09-07 22:06:47,359 - dicom_receiver - INFO - [start:729] - ============================================================
2025-09-07 22:06:47,359 - dicom_receiver - INFO - [start:730] - NOCTIS PRO DICOM RECEIVER SERVICE
2025-09-07 22:06:47,359 - dicom_receiver - INFO - [start:731] - ============================================================
2025-09-07 22:06:47,359 - dicom_receiver - INFO - [start:732] - Application Entity Title: NOCTIS_SCP
2025-09-07 22:06:47,359 - dicom_receiver - INFO - [start:733] - Listening on port: 11112
2025-09-07 22:06:47,359 - dicom_receiver - INFO - [start:734] - Maximum PDU size: 16384
2025-09-07 22:06:47,359 - dicom_receiver - INFO - [start:735] - Storage directory: /workspace/media/dicom/received
2025-09-07 22:06:47,359 - dicom_receiver - INFO - [start:736] - Waiting for DICOM connections...
2025-09-07 22:06:47,359 - dicom_receiver - INFO - [start:737] - ============================================================
2025-09-07 22:06:52,026 - dicom_receiver - INFO - [signal_handler:772] - Received signal 15, shutting down gracefully...
2025-09-07 22:12:59,213 - dicom_receiver - INFO - [signal_handler:772] - Received signal 2, shutting down gracefully...
2025-09-07 22:13:04,809 - dicom_receiver - INFO - [signal_handler:772] - Received signal 2, shutting down gracefully...
2025-09-07 22:28:04,918 - dicom_receiver - INFO - [signal_handler:772] - Received signal 2, shutting down gracefully...
