[INFO] 2025-09-06 09:23:23,804 django.utils.autoreload autoreload 3115 139860851441920 Watching for file changes with StatReloader
[INFO] 2025-09-06 09:23:33,470 django.server basehttp 3115 139860258059968 "GET / HTTP/1.1" 302 0
[INFO] 2025-09-06 09:23:47,461 django.server basehttp 3115 139860258059968 "GET / HTTP/1.1" 302 0
[INFO] 2025-09-06 09:26:32,944 django.server basehttp 3115 139860258059968 "HEAD / HTTP/1.1" 302 0
[INFO] 2025-09-06 09:26:37,355 django.server basehttp 3115 139860258059968 "HEAD / HTTP/1.1" 302 0
[INFO] 2025-09-06 09:26:50,341 django.server basehttp 3115 139860174173888 "GET /login/ HTTP/1.1" 200 17452
[INFO] 2025-09-06 09:27:09,688 django.server basehttp 3115 139860165781184 "GET /login/ HTTP/1.1" 200 17452
[INFO] 2025-09-06 09:56:48,187 django.utils.autoreload autoreload 3462 140611887505664 Watching for file changes with StatReloader
[INFO] 2025-09-06 09:56:52,862 django.server basehttp 3462 140611206248128 "GET / HTTP/1.1" 302 0
[INFO] 2025-09-06 09:57:00,928 django.server basehttp 3462 140611206248128 "GET / HTTP/1.1" 302 0
[INFO] 2025-09-06 09:59:44,926 django.utils.autoreload autoreload 4243 140611506462976 Watching for file changes with StatReloader
[INFO] 2025-09-06 09:59:52,204 django.server basehttp 4243 140610824566464 "GET / HTTP/1.1" 302 0
[INFO] 2025-09-06 10:00:08,184 django.server basehttp 4243 140610824566464 "GET / HTTP/1.1" 302 0
[INFO] 2025-09-06 12:44:10,869 django.utils.autoreload autoreload 9431 140677766775040 Watching for file changes with StatReloader
[INFO] 2025-09-06 12:44:30,279 django.server basehttp 9431 140677174261440 "GET / HTTP/1.1" 302 0
[INFO] 2025-09-06 12:44:54,897 django.server basehttp 9431 140677174261440 "GET / HTTP/1.1" 302 0
[INFO] 2025-09-06 12:45:00,215 django.server basehttp 9431 140677174261440 "HEAD / HTTP/1.1" 302 0
[INFO] 2025-09-06 12:45:44,951 django.server basehttp 9431 140677174261440 "GET /admin/ HTTP/1.1" 302 0
[INFO] 2025-09-06 13:17:31,540 django.utils.autoreload autoreload 4771 140474883191040 Watching for file changes with StatReloader
[INFO] 2025-09-06 13:17:41,155 django.server basehttp 4771 140474291582656 "GET / HTTP/1.1" 302 0
[INFO] 2025-09-06 13:30:39,842 django.server basehttp 4771 140474291582656 "GET / HTTP/1.1" 302 0
[INFO] 2025-09-06 13:31:03,008 django.utils.autoreload autoreload 4771 140474883191040 /workspace/venv_optimized/lib/python3.13/site-packages/_distutils_hack/__init__.py changed, reloading.
[INFO] 2025-09-06 13:32:26,249 django.utils.autoreload autoreload 6521 139786401288448 Watching for file changes with StatReloader
[INFO] 2025-09-06 13:32:35,860 django.server basehttp 6521 139785809163968 "GET / HTTP/1.1" 302 0
[INFO] 2025-09-06 13:32:45,355 django.server basehttp 6521 139785809163968 "GET / HTTP/1.1" 302 0
[INFO] 2025-09-06 13:33:04,445 django.utils.autoreload autoreload 6729 139652184875264 Watching for file changes with StatReloader
[INFO] 2025-09-06 13:33:17,092 django.server basehttp 6521 139785809163968 "GET / HTTP/1.1" 302 0
[INFO] 2025-09-06 13:33:30,421 django.utils.autoreload autoreload 7268 140646408507648 Watching for file changes with StatReloader
[INFO] 2025-09-06 13:33:33,426 django.server basehttp 6521 139785809163968 "GET / HTTP/1.1" 302 0
